Writing training job pid to /opt/ml/training_worker.pid: 55
Training Worker Args: Namespace(aws_region='us-east-1', checkpoint_dir='./checkpoint_sagemaker', environment_s3_key=None, framework='tensorflow', model_metadata_s3_key='s3://aws-deepracer-data-us-east-1-1/data-a47e4791-3faf-4152-bc84-ec7d6601782f/models/9859a9cc-366d-43ba-bf9e-9fd4feb4eb6b/model_metadata.json', preset_s3_key=None, pretrained_checkpoint_dir='./pretrained_checkpoint_sagemaker', pretrained_s3_bucket='aws-deepracer-data-us-east-1-1', pretrained_s3_prefix='data-a47e4791-3faf-4152-bc84-ec7d6601782f/models/5ab1df3c-26f5-4a11-8c5a-4e889e9fb681/sagemaker-robomaker-artifacts/', s3_bucket='aws-deepracer-data-us-east-1-1', s3_prefix='data-a47e4791-3faf-4152-bc84-ec7d6601782f/models/9859a9cc-366d-43ba-bf9e-9fd4feb4eb6b/sagemaker-robomaker-artifacts/')
[s3] Successfully downloaded model metadata                  from s3 key data-a47e4791-3faf-4152-bc84-ec7d6601782f/models/9859a9cc-366d-43ba-bf9e-9fd4feb4eb6b/model_metadata.json to local ./custom_files/agent/model_metadata.json.
Sensor list ['FRONT_FACING_CAMERA'], network DEEP_CONVOLUTIONAL_NETWORK_SHALLOW, simapp_version 5.0, training_algorithm clipped_ppo, action_space_type discrete lidar_config {'num_sectors': 8, 'num_values_per_sector': 8, 'clipping_dist': 2.0}
Action space from file: [{'steering_angle': -30, 'speed': 1.1, 'index': 0}, {'steering_angle': -24, 'speed': 1.1, 'index': 1}, {'steering_angle': -24, 'speed': 1.8, 'index': 2}, {'steering_angle': -24, 'speed': 2.5, 'index': 3}, {'steering_angle': -16, 'speed': 1.1, 'index': 4}, {'steering_angle': -16, 'speed': 1.8, 'index': 5}, {'steering_angle': -16, 'speed': 2.5, 'index': 6}, {'steering_angle': -16, 'speed': 3.2, 'index': 7}, {'steering_angle': -8, 'speed': 1.1, 'index': 8}, {'steering_angle': -8, 'speed': 1.8, 'index': 9}, {'steering_angle': -8, 'speed': 2.5, 'index': 10}, {'steering_angle': -8, 'speed': 3.2, 'index': 11}, {'steering_angle': -8, 'speed': 3.9, 'index': 12}, {'steering_angle': 0, 'speed': 3.9, 'index': 13}, {'steering_angle': 0, 'speed': 3.2, 'index': 14}, {'steering_angle': 0, 'speed': 2.5, 'index': 15}, {'steering_angle': 0, 'speed': 1.8, 'index': 16}, {'steering_angle': 8, 'speed': 3.9, 'index': 17}, {'steering_angle': 8, 'speed': 3.2, 'index': 18}, {'steering_angle': 8, 'speed': 2.5, 'index': 19}, {'steering_angle': 8, 'speed': 1.8, 'index': 20}, {'steering_angle': 8, 'speed': 1.1, 'index': 21}, {'steering_angle': 16, 'speed': 3.2, 'index': 22}, {'steering_angle': 16, 'speed': 2.5, 'index': 23}, {'steering_angle': 16, 'speed': 1.8, 'index': 24}, {'steering_angle': 16, 'speed': 1.1, 'index': 25}, {'steering_angle': 24, 'speed': 2.5, 'index': 26}, {'steering_angle': 24, 'speed': 1.8, 'index': 27}, {'steering_angle': 24, 'speed': 1.1, 'index': 28}, {'steering_angle': 30, 'speed': 1.1, 'index': 29}]
Using the following hyper-parameters
{
  "batch_size": 64,
  "beta_entropy": 0.01,
  "discount_factor": 0.95,
  "e_greedy_value": 1.0,
  "epsilon_steps": 10000,
  "exploration_type": "categorical",
  "loss_type": "huber",
  "lr": 0.0001,
  "num_episodes_between_training": 20,
  "num_epochs": 10,
  "stack_size": 1,
  "term_cond_avg_score": 100000.0,
  "term_cond_max_episodes": 100000
}
[s3] Successfully uploaded hyperparameters to                  s3 bucket aws-deepracer-data-us-east-1-1 with s3 key data-a47e4791-3faf-4152-bc84-ec7d6601782f/models/9859a9cc-366d-43ba-bf9e-9fd4feb4eb6b/sagemaker-robomaker-artifacts/ip/hyperparameters.json.
Hostname: ip-10-0-247-127.ec2.internal
[s3] Successfully uploaded ip address to                  s3 bucket aws-deepracer-data-us-east-1-1 with s3 key data-a47e4791-3faf-4152-bc84-ec7d6601782f/models/9859a9cc-366d-43ba-bf9e-9fd4feb4eb6b/sagemaker-robomaker-artifacts/ip/ip.json.
[s3] Successfully uploaded ip done to                  s3 bucket aws-deepracer-data-us-east-1-1 with s3 key data-a47e4791-3faf-4152-bc84-ec7d6601782f/models/9859a9cc-366d-43ba-bf9e-9fd4feb4eb6b/sagemaker-robomaker-artifacts/ip/done.
[s3] Successfully downloaded deepracer checkpoint json from                  s3 key data-a47e4791-3faf-4152-bc84-ec7d6601782f/models/5ab1df3c-26f5-4a11-8c5a-4e889e9fb681/sagemaker-robomaker-artifacts/model/deepracer_checkpoints.json to local pretrained_checkpoint_sagemaker/agent/deepracer_checkpoints.json.
[s3] Successfully uploaded temp coach checkpoint to                   s3 bucket aws-deepracer-data-us-east-1-1 with s3 key data-a47e4791-3faf-4152-bc84-ec7d6601782f/models/5ab1df3c-26f5-4a11-8c5a-4e889e9fb681/sagemaker-robomaker-artifacts/model/.coach_checkpoint.
[s3] Successfully downloaded 52_Step-24330.ckpt.data-00000-of-00001 from                  s3 key data-a47e4791-3faf-4152-bc84-ec7d6601782f/models/5ab1df3c-26f5-4a11-8c5a-4e889e9fb681/sagemaker-robomaker-artifacts/model/52_Step-24330.ckpt.data-00000-of-00001 to local pretrained_checkpoint_sagemaker/agent/52_Step-24330.ckpt.data-00000-of-00001.
[s3] Successfully downloaded 52_Step-24330.ckpt.index from                  s3 key data-a47e4791-3faf-4152-bc84-ec7d6601782f/models/5ab1df3c-26f5-4a11-8c5a-4e889e9fb681/sagemaker-robomaker-artifacts/model/52_Step-24330.ckpt.index to local pretrained_checkpoint_sagemaker/agent/52_Step-24330.ckpt.index.
[s3] Successfully downloaded 52_Step-24330.ckpt.meta from                  s3 key data-a47e4791-3faf-4152-bc84-ec7d6601782f/models/5ab1df3c-26f5-4a11-8c5a-4e889e9fb681/sagemaker-robomaker-artifacts/model/52_Step-24330.ckpt.meta to local pretrained_checkpoint_sagemaker/agent/52_Step-24330.ckpt.meta.
[s3] Successfully downloaded .ready from                  s3 key data-a47e4791-3faf-4152-bc84-ec7d6601782f/models/5ab1df3c-26f5-4a11-8c5a-4e889e9fb681/sagemaker-robomaker-artifacts/model/.ready to local pretrained_checkpoint_sagemaker/agent/.ready.
## Creating graph - name: MultiAgentGraphManager
## Start physics before creating graph
## Create graph
## Creating agent - name: agent
[RL] Created agent loggers
[RL] Dynamic import of memory:  "DeepRacerMemoryParameters" {
    "load_memory_from_file_path": null,
    "max_size": [
        "<MemoryGranularity.Transitions: 0>",
        1000000
    ],
    "n_step": -1,
    "shared_memory": false,
    "train_to_eval_ratio": 1
}
[RL] Dynamically imported of memory <markov.memories.deepracer_memory.DeepRacerMemory object at 0x7f2935d38f98>
[RL] Setting devices
[RL] Setting filters
[RL] Setting filter devices: numpy
[RL] Setting Phase
[RL] After setting Phase
[RL] Setting signals
[RL] Agent init successful
[RL] ActorCriticAgent init
[RL] ActorCriticAgent  init successful
## Created agent: agent
## Stop physics after creating graph
## Creating session
2023-08-24 15:59:40.222991: I tensorflow/core/platform/cpu_feature_guard.cc:141] Your CPU supports instructions that this TensorFlow binary was not compiled to use: AVX2 AVX512F FMA
Checkpoint> Restoring from path=./pretrained_checkpoint_sagemaker/agent/52_Step-24330.ckpt
INFO:tensorflow:./checkpoint_sagemaker/agent/53_Step-0.ckpt is not in all_model_checkpoint_paths. Manually adding it.
Checkpoint> Saving in path=['./checkpoint_sagemaker/agent/53_Step-0.ckpt']
[s3] Successfully uploaded .lock to                      s3 bucket aws-deepracer-data-us-east-1-1 with s3 key data-a47e4791-3faf-4152-bc84-ec7d6601782f/models/9859a9cc-366d-43ba-bf9e-9fd4feb4eb6b/sagemaker-robomaker-artifacts/model/.lock.
Uploaded 3 files for checkpoint 53
[s3] Successfully uploaded coach checkpoint to                   s3 bucket aws-deepracer-data-us-east-1-1 with s3 key data-a47e4791-3faf-4152-bc84-ec7d6601782f/models/9859a9cc-366d-43ba-bf9e-9fd4feb4eb6b/sagemaker-robomaker-artifacts/model/.coach_checkpoint.
Unable to find deepracer checkpoint json
Unable to find the best deepracer checkpoint number. Getting the last checkpoint number
Unable to find deepracer checkpoint json
Unable to find the last deepracer checkpoint number.
Unable to find deepracer checkpoint json
Unable to find the last deepracer checkpoint number.
INFO:tensorflow:Froze 11 variables.
INFO:tensorflow:Converted 11 variables to const ops.
saved intermediate frozen graph: data-a47e4791-3faf-4152-bc84-ec7d6601782f/models/9859a9cc-366d-43ba-bf9e-9fd4feb4eb6b/sagemaker-robomaker-artifacts/model/model_53.pb
Best checkpoint number: -1, Last checkpoint number: -1
Copying the frozen checkpoint from ./frozen_models/agent/model_53.pb to /opt/ml/model/agent/model.pb.
Unable to find deepracer checkpoint json
[s3] Successfully uploaded .lock to                      s3 bucket aws-deepracer-data-us-east-1-1 with s3 key data-a47e4791-3faf-4152-bc84-ec7d6601782f/models/9859a9cc-366d-43ba-bf9e-9fd4feb4eb6b/sagemaker-robomaker-artifacts/model/.lock.
[s3] Successfully uploaded .ready to                      s3 bucket aws-deepracer-data-us-east-1-1 with s3 key data-a47e4791-3faf-4152-bc84-ec7d6601782f/models/9859a9cc-366d-43ba-bf9e-9fd4feb4eb6b/sagemaker-robomaker-artifacts/model/.ready.
DoorMan: installing SIGINT, SIGTERM
Training> Name=main_level/agent, Worker=0, Episode=1, Total reward=0, Steps=147, Training iteration=0
Training> Name=main_level/agent, Worker=0, Episode=2, Total reward=0, Steps=274, Training iteration=0
Training> Name=main_level/agent, Worker=0, Episode=3, Total reward=0, Steps=426, Training iteration=0
Training> Name=main_level/agent, Worker=0, Episode=4, Total reward=0, Steps=573, Training iteration=0
Training> Name=main_level/agent, Worker=0, Episode=5, Total reward=0, Steps=719, Training iteration=0
Training> Name=main_level/agent, Worker=0, Episode=6, Total reward=0, Steps=836, Training iteration=0
Training> Name=main_level/agent, Worker=0, Episode=7, Total reward=0, Steps=963, Training iteration=0
Training> Name=main_level/agent, Worker=0, Episode=8, Total reward=0, Steps=1118, Training iteration=0
Training> Name=main_level/agent, Worker=0, Episode=9, Total reward=0, Steps=1272, Training iteration=0
Training> Name=main_level/agent, Worker=0, Episode=10, Total reward=0, Steps=1298, Training iteration=0
Training> Name=main_level/agent, Worker=0, Episode=11, Total reward=0, Steps=1456, Training iteration=0
Training> Name=main_level/agent, Worker=0, Episode=12, Total reward=0, Steps=1551, Training iteration=0
Training> Name=main_level/agent, Worker=0, Episode=13, Total reward=0, Steps=1600, Training iteration=0
Training> Name=main_level/agent, Worker=0, Episode=14, Total reward=0, Steps=1710, Training iteration=0
Training> Name=main_level/agent, Worker=0, Episode=15, Total reward=0, Steps=1873, Training iteration=0
Training> Name=main_level/agent, Worker=0, Episode=16, Total reward=0, Steps=1901, Training iteration=0
Training> Name=main_level/agent, Worker=0, Episode=17, Total reward=0, Steps=1989, Training iteration=0
Training> Name=main_level/agent, Worker=0, Episode=18, Total reward=0, Steps=2005, Training iteration=0
Training> Name=main_level/agent, Worker=0, Episode=19, Total reward=0, Steps=2162, Training iteration=0
Training> Name=main_level/agent, Worker=0, Episode=20, Total reward=0, Steps=2311, Training iteration=0
Policy training> Surrogate loss=-0.001376891741529107, KL divergence=0.006720672827214003, Entropy=1.8623046875, training epoch=0, learning_rate=0.0001
Policy training> Surrogate loss=-0.07584676146507263, KL divergence=0.011048752814531326, Entropy=1.9309005737304688, training epoch=1, learning_rate=0.0001
Policy training> Surrogate loss=-0.10237959027290344, KL divergence=0.013683036901056767, Entropy=1.9369081258773804, training epoch=2, learning_rate=0.0001
Policy training> Surrogate loss=-0.11718245595693588, KL divergence=0.017441479489207268, Entropy=1.942524790763855, training epoch=3, learning_rate=0.0001
Policy training> Surrogate loss=-0.12487905472517014, KL divergence=0.02035961113870144, Entropy=1.9464304447174072, training epoch=4, learning_rate=0.0001
Policy training> Surrogate loss=-0.13126574456691742, KL divergence=0.02262496016919613, Entropy=1.9582593441009521, training epoch=5, learning_rate=0.0001
Policy training> Surrogate loss=-0.1314912885427475, KL divergence=0.02501661144196987, Entropy=1.9636293649673462, training epoch=6, learning_rate=0.0001
Policy training> Surrogate loss=-0.13368818163871765, KL divergence=0.028850313276052475, Entropy=1.9730428457260132, training epoch=7, learning_rate=0.0001
Policy training> Surrogate loss=-0.138430655002594, KL divergence=0.03149622678756714, Entropy=1.9811638593673706, training epoch=8, learning_rate=0.0001
Policy training> Surrogate loss=-0.13750189542770386, KL divergence=0.03573432192206383, Entropy=1.9901220798492432, training epoch=9, learning_rate=0.0001
INFO:tensorflow:./checkpoint_sagemaker/agent/54_Step-2311.ckpt is not in all_model_checkpoint_paths. Manually adding it.
Checkpoint> Saving in path=['./checkpoint_sagemaker/agent/54_Step-2311.ckpt']
[s3] Successfully uploaded .lock to                      s3 bucket aws-deepracer-data-us-east-1-1 with s3 key data-a47e4791-3faf-4152-bc84-ec7d6601782f/models/9859a9cc-366d-43ba-bf9e-9fd4feb4eb6b/sagemaker-robomaker-artifacts/model/.lock.
Uploaded 3 files for checkpoint 54
[s3] Successfully uploaded coach checkpoint to                   s3 bucket aws-deepracer-data-us-east-1-1 with s3 key data-a47e4791-3faf-4152-bc84-ec7d6601782f/models/9859a9cc-366d-43ba-bf9e-9fd4feb4eb6b/sagemaker-robomaker-artifacts/model/.coach_checkpoint.
[s3] Successfully downloaded deepracer checkpoint json from                  s3 key data-a47e4791-3faf-4152-bc84-ec7d6601782f/models/9859a9cc-366d-43ba-bf9e-9fd4feb4eb6b/sagemaker-robomaker-artifacts/model/deepracer_checkpoints.json to local checkpoint_sagemaker/agent/deepracer_checkpoints.json.
[s3] Successfully downloaded deepracer checkpoint json from                  s3 key data-a47e4791-3faf-4152-bc84-ec7d6601782f/models/9859a9cc-366d-43ba-bf9e-9fd4feb4eb6b/sagemaker-robomaker-artifacts/model/deepracer_checkpoints.json to local checkpoint_sagemaker/agent/deepracer_checkpoints.json.
INFO:tensorflow:Froze 11 variables.
INFO:tensorflow:Converted 11 variables to const ops.
saved intermediate frozen graph: data-a47e4791-3faf-4152-bc84-ec7d6601782f/models/9859a9cc-366d-43ba-bf9e-9fd4feb4eb6b/sagemaker-robomaker-artifacts/model/model_54.pb
Best checkpoint number: 53, Last checkpoint number: 53
Copying the frozen checkpoint from ./frozen_models/agent/model_53.pb to /opt/ml/model/agent/model.pb.
[s3] Successfully downloaded deepracer checkpoint json from                  s3 key data-a47e4791-3faf-4152-bc84-ec7d6601782f/models/9859a9cc-366d-43ba-bf9e-9fd4feb4eb6b/sagemaker-robomaker-artifacts/model/deepracer_checkpoints.json to local checkpoint_sagemaker/agent/deepracer_checkpoints.json.
Training> Name=main_level/agent, Worker=0, Episode=21, Total reward=0, Steps=2414, Training iteration=1
Training> Name=main_level/agent, Worker=0, Episode=22, Total reward=0, Steps=2530, Training iteration=1
Training> Name=main_level/agent, Worker=0, Episode=23, Total reward=0, Steps=2648, Training iteration=1
Training> Name=main_level/agent, Worker=0, Episode=24, Total reward=0, Steps=2793, Training iteration=1
Training> Name=main_level/agent, Worker=0, Episode=25, Total reward=0, Steps=2941, Training iteration=1
Training> Name=main_level/agent, Worker=0, Episode=26, Total reward=0, Steps=3034, Training iteration=1
Training> Name=main_level/agent, Worker=0, Episode=27, Total reward=0, Steps=3187, Training iteration=1
Training> Name=main_level/agent, Worker=0, Episode=28, Total reward=0, Steps=3294, Training iteration=1
Training> Name=main_level/agent, Worker=0, Episode=29, Total reward=0, Steps=3450, Training iteration=1
Training> Name=main_level/agent, Worker=0, Episode=30, Total reward=0, Steps=3599, Training iteration=1
Training> Name=main_level/agent, Worker=0, Episode=31, Total reward=0, Steps=3701, Training iteration=1
Training> Name=main_level/agent, Worker=0, Episode=32, Total reward=0, Steps=3868, Training iteration=1
Training> Name=main_level/agent, Worker=0, Episode=33, Total reward=0, Steps=4022, Training iteration=1
Training> Name=main_level/agent, Worker=0, Episode=34, Total reward=0, Steps=4179, Training iteration=1
Training> Name=main_level/agent, Worker=0, Episode=35, Total reward=0, Steps=4212, Training iteration=1
Training> Name=main_level/agent, Worker=0, Episode=36, Total reward=0, Steps=4265, Training iteration=1
Training> Name=main_level/agent, Worker=0, Episode=37, Total reward=0, Steps=4286, Training iteration=1
Training> Name=main_level/agent, Worker=0, Episode=38, Total reward=0, Steps=4349, Training iteration=1
Training> Name=main_level/agent, Worker=0, Episode=39, Total reward=0, Steps=4489, Training iteration=1
Training> Name=main_level/agent, Worker=0, Episode=40, Total reward=0, Steps=4638, Training iteration=1
Policy training> Surrogate loss=0.0011505803558975458, KL divergence=0.009002577513456345, Entropy=1.9159101247787476, training epoch=0, learning_rate=0.0001
Policy training> Surrogate loss=-0.08216208964586258, KL divergence=0.018810637295246124, Entropy=1.9611797332763672, training epoch=1, learning_rate=0.0001
Policy training> Surrogate loss=-0.10022474080324173, KL divergence=0.023646822199225426, Entropy=1.9542242288589478, training epoch=2, learning_rate=0.0001
Policy training> Surrogate loss=-0.11410747468471527, KL divergence=0.024306142702698708, Entropy=1.9570318460464478, training epoch=3, learning_rate=0.0001
Policy training> Surrogate loss=-0.11676689237356186, KL divergence=0.02491220273077488, Entropy=1.9537385702133179, training epoch=4, learning_rate=0.0001
Policy training> Surrogate loss=-0.11903519183397293, KL divergence=0.026778696104884148, Entropy=1.96373450756073, training epoch=5, learning_rate=0.0001
Policy training> Surrogate loss=-0.11994723230600357, KL divergence=0.029193706810474396, Entropy=1.9716458320617676, training epoch=6, learning_rate=0.0001
Policy training> Surrogate loss=-0.12504872679710388, KL divergence=0.030200250446796417, Entropy=1.9663491249084473, training epoch=7, learning_rate=0.0001
Policy training> Surrogate loss=-0.12342122197151184, KL divergence=0.031695641577243805, Entropy=1.96211838722229, training epoch=8, learning_rate=0.0001
Policy training> Surrogate loss=-0.12814801931381226, KL divergence=0.03293310105800629, Entropy=1.9725176095962524, training epoch=9, learning_rate=0.0001
INFO:tensorflow:./checkpoint_sagemaker/agent/55_Step-4638.ckpt is not in all_model_checkpoint_paths. Manually adding it.
Checkpoint> Saving in path=['./checkpoint_sagemaker/agent/55_Step-4638.ckpt']
[s3] Successfully uploaded .lock to                      s3 bucket aws-deepracer-data-us-east-1-1 with s3 key data-a47e4791-3faf-4152-bc84-ec7d6601782f/models/9859a9cc-366d-43ba-bf9e-9fd4feb4eb6b/sagemaker-robomaker-artifacts/model/.lock.
Uploaded 3 files for checkpoint 55
[s3] Successfully uploaded coach checkpoint to                   s3 bucket aws-deepracer-data-us-east-1-1 with s3 key data-a47e4791-3faf-4152-bc84-ec7d6601782f/models/9859a9cc-366d-43ba-bf9e-9fd4feb4eb6b/sagemaker-robomaker-artifacts/model/.coach_checkpoint.
[s3] Successfully downloaded deepracer checkpoint json from                  s3 key data-a47e4791-3faf-4152-bc84-ec7d6601782f/models/9859a9cc-366d-43ba-bf9e-9fd4feb4eb6b/sagemaker-robomaker-artifacts/model/deepracer_checkpoints.json to local checkpoint_sagemaker/agent/deepracer_checkpoints.json.
[s3] Successfully downloaded deepracer checkpoint json from                  s3 key data-a47e4791-3faf-4152-bc84-ec7d6601782f/models/9859a9cc-366d-43ba-bf9e-9fd4feb4eb6b/sagemaker-robomaker-artifacts/model/deepracer_checkpoints.json to local checkpoint_sagemaker/agent/deepracer_checkpoints.json.
INFO:tensorflow:Froze 11 variables.
INFO:tensorflow:Converted 11 variables to const ops.
saved intermediate frozen graph: data-a47e4791-3faf-4152-bc84-ec7d6601782f/models/9859a9cc-366d-43ba-bf9e-9fd4feb4eb6b/sagemaker-robomaker-artifacts/model/model_55.pb
Best checkpoint number: 53, Last checkpoint number: 53
Copying the frozen checkpoint from ./frozen_models/agent/model_53.pb to /opt/ml/model/agent/model.pb.
[s3] Successfully downloaded deepracer checkpoint json from                  s3 key data-a47e4791-3faf-4152-bc84-ec7d6601782f/models/9859a9cc-366d-43ba-bf9e-9fd4feb4eb6b/sagemaker-robomaker-artifacts/model/deepracer_checkpoints.json to local checkpoint_sagemaker/agent/deepracer_checkpoints.json.
Training> Name=main_level/agent, Worker=0, Episode=41, Total reward=0, Steps=4793, Training iteration=2
Training> Name=main_level/agent, Worker=0, Episode=42, Total reward=0, Steps=4948, Training iteration=2
Training> Name=main_level/agent, Worker=0, Episode=43, Total reward=0, Steps=5002, Training iteration=2
Training> Name=main_level/agent, Worker=0, Episode=44, Total reward=0, Steps=5162, Training iteration=2
Training> Name=main_level/agent, Worker=0, Episode=45, Total reward=0, Steps=5313, Training iteration=2
Training> Name=main_level/agent, Worker=0, Episode=46, Total reward=0, Steps=5411, Training iteration=2
Training> Name=main_level/agent, Worker=0, Episode=47, Total reward=0, Steps=5550, Training iteration=2
Training> Name=main_level/agent, Worker=0, Episode=48, Total reward=0, Steps=5696, Training iteration=2
Training> Name=main_level/agent, Worker=0, Episode=49, Total reward=0, Steps=5849, Training iteration=2
Training> Name=main_level/agent, Worker=0, Episode=50, Total reward=0, Steps=5922, Training iteration=2
Training> Name=main_level/agent, Worker=0, Episode=51, Total reward=0, Steps=6068, Training iteration=2
Training> Name=main_level/agent, Worker=0, Episode=52, Total reward=0, Steps=6177, Training iteration=2
Training> Name=main_level/agent, Worker=0, Episode=53, Total reward=0, Steps=6229, Training iteration=2
Training> Name=main_level/agent, Worker=0, Episode=54, Total reward=0, Steps=6382, Training iteration=2
Training> Name=main_level/agent, Worker=0, Episode=55, Total reward=0, Steps=6455, Training iteration=2
Training> Name=main_level/agent, Worker=0, Episode=56, Total reward=0, Steps=6488, Training iteration=2
Training> Name=main_level/agent, Worker=0, Episode=57, Total reward=0, Steps=6642, Training iteration=2
Training> Name=main_level/agent, Worker=0, Episode=58, Total reward=0, Steps=6801, Training iteration=2
Training> Name=main_level/agent, Worker=0, Episode=59, Total reward=0, Steps=6956, Training iteration=2
Training> Name=main_level/agent, Worker=0, Episode=60, Total reward=0, Steps=7091, Training iteration=2
Policy training> Surrogate loss=-0.004000160843133926, KL divergence=0.00982298981398344, Entropy=2.0075690746307373, training epoch=0, learning_rate=0.0001
Policy training> Surrogate loss=-0.09595392644405365, KL divergence=0.026599852368235588, Entropy=2.001788854598999, training epoch=1, learning_rate=0.0001
Policy training> Surrogate loss=-0.11805952340364456, KL divergence=0.026745865121483803, Entropy=2.011601209640503, training epoch=2, learning_rate=0.0001
Policy training> Surrogate loss=-0.12225653231143951, KL divergence=0.02796836942434311, Entropy=2.023198127746582, training epoch=3, learning_rate=0.0001
Policy training> Surrogate loss=-0.1274602711200714, KL divergence=0.02933228574693203, Entropy=2.033463954925537, training epoch=4, learning_rate=0.0001
Policy training> Surrogate loss=-0.12819592654705048, KL divergence=0.0309238750487566, Entropy=2.0331950187683105, training epoch=5, learning_rate=0.0001
Policy training> Surrogate loss=-0.12908676266670227, KL divergence=0.0319768451154232, Entropy=2.0434982776641846, training epoch=6, learning_rate=0.0001
Policy training> Surrogate loss=-0.1332332044839859, KL divergence=0.033570725470781326, Entropy=2.0412704944610596, training epoch=7, learning_rate=0.0001
Policy training> Surrogate loss=-0.13240937888622284, KL divergence=0.035075508058071136, Entropy=2.057061195373535, training epoch=8, learning_rate=0.0001
Policy training> Surrogate loss=-0.13139234483242035, KL divergence=0.03646809607744217, Entropy=2.046555280685425, training epoch=9, learning_rate=0.0001
INFO:tensorflow:./checkpoint_sagemaker/agent/56_Step-7091.ckpt is not in all_model_checkpoint_paths. Manually adding it.
Checkpoint> Saving in path=['./checkpoint_sagemaker/agent/56_Step-7091.ckpt']
[s3] Successfully uploaded .lock to                      s3 bucket aws-deepracer-data-us-east-1-1 with s3 key data-a47e4791-3faf-4152-bc84-ec7d6601782f/models/9859a9cc-366d-43ba-bf9e-9fd4feb4eb6b/sagemaker-robomaker-artifacts/model/.lock.
Uploaded 3 files for checkpoint 56
[s3] Successfully uploaded coach checkpoint to                   s3 bucket aws-deepracer-data-us-east-1-1 with s3 key data-a47e4791-3faf-4152-bc84-ec7d6601782f/models/9859a9cc-366d-43ba-bf9e-9fd4feb4eb6b/sagemaker-robomaker-artifacts/model/.coach_checkpoint.
[s3] Successfully downloaded deepracer checkpoint json from                  s3 key data-a47e4791-3faf-4152-bc84-ec7d6601782f/models/9859a9cc-366d-43ba-bf9e-9fd4feb4eb6b/sagemaker-robomaker-artifacts/model/deepracer_checkpoints.json to local checkpoint_sagemaker/agent/deepracer_checkpoints.json.
[s3] Successfully downloaded deepracer checkpoint json from                  s3 key data-a47e4791-3faf-4152-bc84-ec7d6601782f/models/9859a9cc-366d-43ba-bf9e-9fd4feb4eb6b/sagemaker-robomaker-artifacts/model/deepracer_checkpoints.json to local checkpoint_sagemaker/agent/deepracer_checkpoints.json.
INFO:tensorflow:Froze 11 variables.
INFO:tensorflow:Converted 11 variables to const ops.
saved intermediate frozen graph: data-a47e4791-3faf-4152-bc84-ec7d6601782f/models/9859a9cc-366d-43ba-bf9e-9fd4feb4eb6b/sagemaker-robomaker-artifacts/model/model_56.pb
Best checkpoint number: 54, Last checkpoint number: 54
Copying the frozen checkpoint from ./frozen_models/agent/model_54.pb to /opt/ml/model/agent/model.pb.
[s3] Successfully downloaded deepracer checkpoint json from                  s3 key data-a47e4791-3faf-4152-bc84-ec7d6601782f/models/9859a9cc-366d-43ba-bf9e-9fd4feb4eb6b/sagemaker-robomaker-artifacts/model/deepracer_checkpoints.json to local checkpoint_sagemaker/agent/deepracer_checkpoints.json.
Training> Name=main_level/agent, Worker=0, Episode=61, Total reward=0, Steps=7149, Training iteration=3
Training> Name=main_level/agent, Worker=0, Episode=62, Total reward=0, Steps=7277, Training iteration=3
Training> Name=main_level/agent, Worker=0, Episode=63, Total reward=0, Steps=7382, Training iteration=3
Training> Name=main_level/agent, Worker=0, Episode=64, Total reward=0, Steps=7400, Training iteration=3
Training> Name=main_level/agent, Worker=0, Episode=65, Total reward=0, Steps=7546, Training iteration=3
Training> Name=main_level/agent, Worker=0, Episode=66, Total reward=0, Steps=7679, Training iteration=3
Training> Name=main_level/agent, Worker=0, Episode=67, Total reward=0, Steps=7839, Training iteration=3
Training> Name=main_level/agent, Worker=0, Episode=68, Total reward=0, Steps=7988, Training iteration=3
Training> Name=main_level/agent, Worker=0, Episode=69, Total reward=0, Steps=8148, Training iteration=3
Training> Name=main_level/agent, Worker=0, Episode=70, Total reward=0, Steps=8252, Training iteration=3
Training> Name=main_level/agent, Worker=0, Episode=71, Total reward=0, Steps=8353, Training iteration=3
Training> Name=main_level/agent, Worker=0, Episode=72, Total reward=0, Steps=8394, Training iteration=3
Training> Name=main_level/agent, Worker=0, Episode=73, Total reward=0, Steps=8480, Training iteration=3
Training> Name=main_level/agent, Worker=0, Episode=74, Total reward=0, Steps=8636, Training iteration=3
Training> Name=main_level/agent, Worker=0, Episode=75, Total reward=0, Steps=8670, Training iteration=3
Training> Name=main_level/agent, Worker=0, Episode=76, Total reward=0, Steps=8696, Training iteration=3
Training> Name=main_level/agent, Worker=0, Episode=77, Total reward=0, Steps=8842, Training iteration=3
Training> Name=main_level/agent, Worker=0, Episode=78, Total reward=0, Steps=8990, Training iteration=3
Training> Name=main_level/agent, Worker=0, Episode=79, Total reward=0, Steps=9077, Training iteration=3
Training> Name=main_level/agent, Worker=0, Episode=80, Total reward=0, Steps=9123, Training iteration=3
Policy training> Surrogate loss=0.0065182712860405445, KL divergence=0.01213505957275629, Entropy=2.0205726623535156, training epoch=0, learning_rate=0.0001
Policy training> Surrogate loss=-0.09423133730888367, KL divergence=0.027213554829359055, Entropy=1.9941320419311523, training epoch=1, learning_rate=0.0001
Policy training> Surrogate loss=-0.107720747590065, KL divergence=0.03466614708304405, Entropy=2.020522356033325, training epoch=2, learning_rate=0.0001
Policy training> Surrogate loss=-0.1256953477859497, KL divergence=0.033671364188194275, Entropy=1.987233281135559, training epoch=3, learning_rate=0.0001
Policy training> Surrogate loss=-0.1282191127538681, KL divergence=0.03519346937537193, Entropy=2.013491153717041, training epoch=4, learning_rate=0.0001
Policy training> Surrogate loss=-0.12954212725162506, KL divergence=0.03575282543897629, Entropy=2.028895139694214, training epoch=5, learning_rate=0.0001
Policy training> Surrogate loss=-0.12708233296871185, KL divergence=0.03673948720097542, Entropy=2.048790216445923, training epoch=6, learning_rate=0.0001
Policy training> Surrogate loss=-0.13518072664737701, KL divergence=0.03757406398653984, Entropy=2.029397487640381, training epoch=7, learning_rate=0.0001
Policy training> Surrogate loss=-0.12689590454101562, KL divergence=0.039044976234436035, Entropy=2.064161539077759, training epoch=8, learning_rate=0.0001
Policy training> Surrogate loss=-0.1373390257358551, KL divergence=0.04200506955385208, Entropy=2.055549383163452, training epoch=9, learning_rate=0.0001
INFO:tensorflow:./checkpoint_sagemaker/agent/57_Step-9123.ckpt is not in all_model_checkpoint_paths. Manually adding it.
Checkpoint> Saving in path=['./checkpoint_sagemaker/agent/57_Step-9123.ckpt']
[s3] Successfully uploaded .lock to                      s3 bucket aws-deepracer-data-us-east-1-1 with s3 key data-a47e4791-3faf-4152-bc84-ec7d6601782f/models/9859a9cc-366d-43ba-bf9e-9fd4feb4eb6b/sagemaker-robomaker-artifacts/model/.lock.
Uploaded 3 files for checkpoint 57
[s3] Successfully uploaded coach checkpoint to                   s3 bucket aws-deepracer-data-us-east-1-1 with s3 key data-a47e4791-3faf-4152-bc84-ec7d6601782f/models/9859a9cc-366d-43ba-bf9e-9fd4feb4eb6b/sagemaker-robomaker-artifacts/model/.coach_checkpoint.
[s3] Successfully downloaded deepracer checkpoint json from                  s3 key data-a47e4791-3faf-4152-bc84-ec7d6601782f/models/9859a9cc-366d-43ba-bf9e-9fd4feb4eb6b/sagemaker-robomaker-artifacts/model/deepracer_checkpoints.json to local checkpoint_sagemaker/agent/deepracer_checkpoints.json.
[s3] Successfully downloaded deepracer checkpoint json from                  s3 key data-a47e4791-3faf-4152-bc84-ec7d6601782f/models/9859a9cc-366d-43ba-bf9e-9fd4feb4eb6b/sagemaker-robomaker-artifacts/model/deepracer_checkpoints.json to local checkpoint_sagemaker/agent/deepracer_checkpoints.json.
INFO:tensorflow:Froze 11 variables.
INFO:tensorflow:Converted 11 variables to const ops.
saved intermediate frozen graph: data-a47e4791-3faf-4152-bc84-ec7d6601782f/models/9859a9cc-366d-43ba-bf9e-9fd4feb4eb6b/sagemaker-robomaker-artifacts/model/model_57.pb
Best checkpoint number: 54, Last checkpoint number: 55
Copying the frozen checkpoint from ./frozen_models/agent/model_54.pb to /opt/ml/model/agent/model.pb.
[s3] Successfully downloaded deepracer checkpoint json from                  s3 key data-a47e4791-3faf-4152-bc84-ec7d6601782f/models/9859a9cc-366d-43ba-bf9e-9fd4feb4eb6b/sagemaker-robomaker-artifacts/model/deepracer_checkpoints.json to local checkpoint_sagemaker/agent/deepracer_checkpoints.json.
Deleting the frozen models in s3 for the iterations: {'53'}
Training> Name=main_level/agent, Worker=0, Episode=81, Total reward=0, Steps=9255, Training iteration=4
Training> Name=main_level/agent, Worker=0, Episode=82, Total reward=0, Steps=9406, Training iteration=4
Training> Name=main_level/agent, Worker=0, Episode=83, Total reward=0, Steps=9523, Training iteration=4
Training> Name=main_level/agent, Worker=0, Episode=84, Total reward=0, Steps=9541, Training iteration=4
Training> Name=main_level/agent, Worker=0, Episode=85, Total reward=0, Steps=9640, Training iteration=4
Training> Name=main_level/agent, Worker=0, Episode=86, Total reward=0, Steps=9791, Training iteration=4
Training> Name=main_level/agent, Worker=0, Episode=87, Total reward=0, Steps=9937, Training iteration=4
Training> Name=main_level/agent, Worker=0, Episode=88, Total reward=0, Steps=10063, Training iteration=4
Training> Name=main_level/agent, Worker=0, Episode=89, Total reward=0, Steps=10207, Training iteration=4
Training> Name=main_level/agent, Worker=0, Episode=90, Total reward=0, Steps=10357, Training iteration=4
Training> Name=main_level/agent, Worker=0, Episode=91, Total reward=0, Steps=10428, Training iteration=4
Training> Name=main_level/agent, Worker=0, Episode=92, Total reward=0, Steps=10466, Training iteration=4
Training> Name=main_level/agent, Worker=0, Episode=93, Total reward=0, Steps=10614, Training iteration=4
Training> Name=main_level/agent, Worker=0, Episode=94, Total reward=0, Steps=10709, Training iteration=4
Training> Name=main_level/agent, Worker=0, Episode=95, Total reward=0, Steps=10744, Training iteration=4
Training> Name=main_level/agent, Worker=0, Episode=96, Total reward=0, Steps=10909, Training iteration=4
Training> Name=main_level/agent, Worker=0, Episode=97, Total reward=0, Steps=11064, Training iteration=4
Training> Name=main_level/agent, Worker=0, Episode=98, Total reward=0, Steps=11228, Training iteration=4
Training> Name=main_level/agent, Worker=0, Episode=99, Total reward=0, Steps=11294, Training iteration=4
Training> Name=main_level/agent, Worker=0, Episode=100, Total reward=0, Steps=11444, Training iteration=4
Policy training> Surrogate loss=-0.0009030745131894946, KL divergence=0.01235355157405138, Entropy=2.06451678276062, training epoch=0, learning_rate=0.0001
Policy training> Surrogate loss=-0.09455227106809616, KL divergence=0.03175307437777519, Entropy=2.032982110977173, training epoch=1, learning_rate=0.0001
Policy training> Surrogate loss=-0.11446300894021988, KL divergence=0.03442873805761337, Entropy=2.0426106452941895, training epoch=2, learning_rate=0.0001
Policy training> Surrogate loss=-0.12421384453773499, KL divergence=0.033745069056749344, Entropy=2.053067207336426, training epoch=3, learning_rate=0.0001
Policy training> Surrogate loss=-0.12562400102615356, KL divergence=0.036702681332826614, Entropy=2.0632071495056152, training epoch=4, learning_rate=0.0001
Policy training> Surrogate loss=-0.1262078732252121, KL divergence=0.038500916212797165, Entropy=2.059682846069336, training epoch=5, learning_rate=0.0001
Policy training> Surrogate loss=-0.13209429383277893, KL divergence=0.03894224390387535, Entropy=2.0729105472564697, training epoch=6, learning_rate=0.0001
Policy training> Surrogate loss=-0.12989000976085663, KL divergence=0.04035373777151108, Entropy=2.0742995738983154, training epoch=7, learning_rate=0.0001
Policy training> Surrogate loss=-0.13183560967445374, KL divergence=0.0406784825026989, Entropy=2.0859107971191406, training epoch=8, learning_rate=0.0001
Policy training> Surrogate loss=-0.1339418888092041, KL divergence=0.04139701649546623, Entropy=2.081731081008911, training epoch=9, learning_rate=0.0001
INFO:tensorflow:./checkpoint_sagemaker/agent/58_Step-11444.ckpt is not in all_model_checkpoint_paths. Manually adding it.
Checkpoint> Saving in path=['./checkpoint_sagemaker/agent/58_Step-11444.ckpt']
[s3] Successfully uploaded .lock to                      s3 bucket aws-deepracer-data-us-east-1-1 with s3 key data-a47e4791-3faf-4152-bc84-ec7d6601782f/models/9859a9cc-366d-43ba-bf9e-9fd4feb4eb6b/sagemaker-robomaker-artifacts/model/.lock.
Uploaded 3 files for checkpoint 58
[s3] Successfully uploaded coach checkpoint to                   s3 bucket aws-deepracer-data-us-east-1-1 with s3 key data-a47e4791-3faf-4152-bc84-ec7d6601782f/models/9859a9cc-366d-43ba-bf9e-9fd4feb4eb6b/sagemaker-robomaker-artifacts/model/.coach_checkpoint.
[s3] Successfully downloaded deepracer checkpoint json from                  s3 key data-a47e4791-3faf-4152-bc84-ec7d6601782f/models/9859a9cc-366d-43ba-bf9e-9fd4feb4eb6b/sagemaker-robomaker-artifacts/model/deepracer_checkpoints.json to local checkpoint_sagemaker/agent/deepracer_checkpoints.json.
[s3] Successfully downloaded deepracer checkpoint json from                  s3 key data-a47e4791-3faf-4152-bc84-ec7d6601782f/models/9859a9cc-366d-43ba-bf9e-9fd4feb4eb6b/sagemaker-robomaker-artifacts/model/deepracer_checkpoints.json to local checkpoint_sagemaker/agent/deepracer_checkpoints.json.
INFO:tensorflow:Froze 11 variables.
INFO:tensorflow:Converted 11 variables to const ops.
saved intermediate frozen graph: data-a47e4791-3faf-4152-bc84-ec7d6601782f/models/9859a9cc-366d-43ba-bf9e-9fd4feb4eb6b/sagemaker-robomaker-artifacts/model/model_58.pb
Best checkpoint number: 56, Last checkpoint number: 56
Copying the frozen checkpoint from ./frozen_models/agent/model_56.pb to /opt/ml/model/agent/model.pb.
[s3] Successfully downloaded deepracer checkpoint json from                  s3 key data-a47e4791-3faf-4152-bc84-ec7d6601782f/models/9859a9cc-366d-43ba-bf9e-9fd4feb4eb6b/sagemaker-robomaker-artifacts/model/deepracer_checkpoints.json to local checkpoint_sagemaker/agent/deepracer_checkpoints.json.
Deleting the frozen models in s3 for the iterations: {'54'}
Training> Name=main_level/agent, Worker=0, Episode=101, Total reward=0, Steps=11483, Training iteration=5
Training> Name=main_level/agent, Worker=0, Episode=102, Total reward=0, Steps=11609, Training iteration=5
Training> Name=main_level/agent, Worker=0, Episode=103, Total reward=0, Steps=11769, Training iteration=5
Training> Name=main_level/agent, Worker=0, Episode=104, Total reward=0, Steps=11877, Training iteration=5
Training> Name=main_level/agent, Worker=0, Episode=105, Total reward=0, Steps=11941, Training iteration=5
Training> Name=main_level/agent, Worker=0, Episode=106, Total reward=0, Steps=12025, Training iteration=5
Training> Name=main_level/agent, Worker=0, Episode=107, Total reward=0, Steps=12144, Training iteration=5
Training> Name=main_level/agent, Worker=0, Episode=108, Total reward=0, Steps=12234, Training iteration=5
Training> Name=main_level/agent, Worker=0, Episode=109, Total reward=0, Steps=12384, Training iteration=5
Training> Name=main_level/agent, Worker=0, Episode=110, Total reward=0, Steps=12445, Training iteration=5
Training> Name=main_level/agent, Worker=0, Episode=111, Total reward=0, Steps=12540, Training iteration=5
Training> Name=main_level/agent, Worker=0, Episode=112, Total reward=0, Steps=12691, Training iteration=5
Training> Name=main_level/agent, Worker=0, Episode=113, Total reward=0, Steps=12790, Training iteration=5
Training> Name=main_level/agent, Worker=0, Episode=114, Total reward=0, Steps=12952, Training iteration=5
Training> Name=main_level/agent, Worker=0, Episode=115, Total reward=0, Steps=13107, Training iteration=5
Training> Name=main_level/agent, Worker=0, Episode=116, Total reward=0, Steps=13265, Training iteration=5
Training> Name=main_level/agent, Worker=0, Episode=117, Total reward=0, Steps=13291, Training iteration=5
Training> Name=main_level/agent, Worker=0, Episode=118, Total reward=0, Steps=13431, Training iteration=5
Training> Name=main_level/agent, Worker=0, Episode=119, Total reward=0, Steps=13486, Training iteration=5
Training> Name=main_level/agent, Worker=0, Episode=120, Total reward=0, Steps=13532, Training iteration=5
Policy training> Surrogate loss=0.0026269983500242233, KL divergence=0.01173335500061512, Entropy=2.1255526542663574, training epoch=0, learning_rate=0.0001
Policy training> Surrogate loss=-0.09913623332977295, KL divergence=0.035278305411338806, Entropy=2.0751194953918457, training epoch=1, learning_rate=0.0001
Policy training> Surrogate loss=-0.11540786921977997, KL divergence=0.03356922045350075, Entropy=2.0950660705566406, training epoch=2, learning_rate=0.0001
Policy training> Surrogate loss=-0.12816613912582397, KL divergence=0.03652834892272949, Entropy=2.094803810119629, training epoch=3, learning_rate=0.0001
Policy training> Surrogate loss=-0.1269075572490692, KL divergence=0.038208428770303726, Entropy=2.1073122024536133, training epoch=4, learning_rate=0.0001
Policy training> Surrogate loss=-0.13664232194423676, KL divergence=0.03738080710172653, Entropy=2.1190333366394043, training epoch=5, learning_rate=0.0001
Policy training> Surrogate loss=-0.1377221643924713, KL divergence=0.03855723887681961, Entropy=2.1202688217163086, training epoch=6, learning_rate=0.0001
Policy training> Surrogate loss=-0.1347396969795227, KL divergence=0.03943057358264923, Entropy=2.11962890625, training epoch=7, learning_rate=0.0001
Policy training> Surrogate loss=-0.13495779037475586, KL divergence=0.03907052427530289, Entropy=2.129135847091675, training epoch=8, learning_rate=0.0001
Policy training> Surrogate loss=-0.13491465151309967, KL divergence=0.04030634090304375, Entropy=2.141853094100952, training epoch=9, learning_rate=0.0001
INFO:tensorflow:./checkpoint_sagemaker/agent/59_Step-13532.ckpt is not in all_model_checkpoint_paths. Manually adding it.
Checkpoint> Saving in path=['./checkpoint_sagemaker/agent/59_Step-13532.ckpt']
[s3] Successfully uploaded .lock to                      s3 bucket aws-deepracer-data-us-east-1-1 with s3 key data-a47e4791-3faf-4152-bc84-ec7d6601782f/models/9859a9cc-366d-43ba-bf9e-9fd4feb4eb6b/sagemaker-robomaker-artifacts/model/.lock.
Uploaded 3 files for checkpoint 59
[s3] Successfully uploaded coach checkpoint to                   s3 bucket aws-deepracer-data-us-east-1-1 with s3 key data-a47e4791-3faf-4152-bc84-ec7d6601782f/models/9859a9cc-366d-43ba-bf9e-9fd4feb4eb6b/sagemaker-robomaker-artifacts/model/.coach_checkpoint.
[s3] Successfully downloaded deepracer checkpoint json from                  s3 key data-a47e4791-3faf-4152-bc84-ec7d6601782f/models/9859a9cc-366d-43ba-bf9e-9fd4feb4eb6b/sagemaker-robomaker-artifacts/model/deepracer_checkpoints.json to local checkpoint_sagemaker/agent/deepracer_checkpoints.json.
[s3] Successfully downloaded deepracer checkpoint json from                  s3 key data-a47e4791-3faf-4152-bc84-ec7d6601782f/models/9859a9cc-366d-43ba-bf9e-9fd4feb4eb6b/sagemaker-robomaker-artifacts/model/deepracer_checkpoints.json to local checkpoint_sagemaker/agent/deepracer_checkpoints.json.
INFO:tensorflow:Froze 11 variables.
INFO:tensorflow:Converted 11 variables to const ops.
saved intermediate frozen graph: data-a47e4791-3faf-4152-bc84-ec7d6601782f/models/9859a9cc-366d-43ba-bf9e-9fd4feb4eb6b/sagemaker-robomaker-artifacts/model/model_59.pb
Best checkpoint number: 56, Last checkpoint number: 57
Copying the frozen checkpoint from ./frozen_models/agent/model_56.pb to /opt/ml/model/agent/model.pb.
[s3] Successfully downloaded deepracer checkpoint json from                  s3 key data-a47e4791-3faf-4152-bc84-ec7d6601782f/models/9859a9cc-366d-43ba-bf9e-9fd4feb4eb6b/sagemaker-robomaker-artifacts/model/deepracer_checkpoints.json to local checkpoint_sagemaker/agent/deepracer_checkpoints.json.
Deleting the frozen models in s3 for the iterations: {'55'}
Training> Name=main_level/agent, Worker=0, Episode=121, Total reward=0, Steps=13665, Training iteration=6
Training> Name=main_level/agent, Worker=0, Episode=122, Total reward=0, Steps=13714, Training iteration=6
Training> Name=main_level/agent, Worker=0, Episode=123, Total reward=0, Steps=13867, Training iteration=6
Training> Name=main_level/agent, Worker=0, Episode=124, Total reward=0, Steps=13885, Training iteration=6
Training> Name=main_level/agent, Worker=0, Episode=125, Total reward=0, Steps=13978, Training iteration=6
Training> Name=main_level/agent, Worker=0, Episode=126, Total reward=0, Steps=14068, Training iteration=6
Training> Name=main_level/agent, Worker=0, Episode=127, Total reward=0, Steps=14148, Training iteration=6
Training> Name=main_level/agent, Worker=0, Episode=128, Total reward=0, Steps=14283, Training iteration=6
Training> Name=main_level/agent, Worker=0, Episode=129, Total reward=0, Steps=14425, Training iteration=6
Training> Name=main_level/agent, Worker=0, Episode=130, Total reward=0, Steps=14540, Training iteration=6
Training> Name=main_level/agent, Worker=0, Episode=131, Total reward=0, Steps=14644, Training iteration=6
Training> Name=main_level/agent, Worker=0, Episode=132, Total reward=0, Steps=14719, Training iteration=6
Training> Name=main_level/agent, Worker=0, Episode=133, Total reward=0, Steps=14870, Training iteration=6
Training> Name=main_level/agent, Worker=0, Episode=134, Total reward=0, Steps=15007, Training iteration=6
Training> Name=main_level/agent, Worker=0, Episode=135, Total reward=0, Steps=15160, Training iteration=6
Training> Name=main_level/agent, Worker=0, Episode=136, Total reward=0, Steps=15225, Training iteration=6
Training> Name=main_level/agent, Worker=0, Episode=137, Total reward=0, Steps=15285, Training iteration=6
Training> Name=main_level/agent, Worker=0, Episode=138, Total reward=0, Steps=15437, Training iteration=6
Training> Name=main_level/agent, Worker=0, Episode=139, Total reward=0, Steps=15483, Training iteration=6
Training> Name=main_level/agent, Worker=0, Episode=140, Total reward=0, Steps=15630, Training iteration=6
Policy training> Surrogate loss=0.002485215198248625, KL divergence=0.012107866816222668, Entropy=2.010176658630371, training epoch=0, learning_rate=0.0001
Policy training> Surrogate loss=-0.08895307779312134, KL divergence=0.029107626527547836, Entropy=2.041214942932129, training epoch=1, learning_rate=0.0001
Policy training> Surrogate loss=-0.10459471493959427, KL divergence=0.03669048845767975, Entropy=2.010667085647583, training epoch=2, learning_rate=0.0001
Policy training> Surrogate loss=-0.12188893556594849, KL divergence=0.03697407245635986, Entropy=2.046687126159668, training epoch=3, learning_rate=0.0001
Policy training> Surrogate loss=-0.12623471021652222, KL divergence=0.03794930875301361, Entropy=2.0413248538970947, training epoch=4, learning_rate=0.0001
Policy training> Surrogate loss=-0.13236103951931, KL divergence=0.03997541964054108, Entropy=2.0534307956695557, training epoch=5, learning_rate=0.0001
Policy training> Surrogate loss=-0.13440978527069092, KL divergence=0.040391214191913605, Entropy=2.0482873916625977, training epoch=6, learning_rate=0.0001
Policy training> Surrogate loss=-0.13569273054599762, KL divergence=0.04127396270632744, Entropy=2.065425395965576, training epoch=7, learning_rate=0.0001
Policy training> Surrogate loss=-0.1348770707845688, KL divergence=0.0430639274418354, Entropy=2.05464506149292, training epoch=8, learning_rate=0.0001
Policy training> Surrogate loss=-0.13495467603206635, KL divergence=0.04294482618570328, Entropy=2.077613353729248, training epoch=9, learning_rate=0.0001
INFO:tensorflow:./checkpoint_sagemaker/agent/60_Step-15630.ckpt is not in all_model_checkpoint_paths. Manually adding it.
Checkpoint> Saving in path=['./checkpoint_sagemaker/agent/60_Step-15630.ckpt']
[s3] Successfully uploaded .lock to                      s3 bucket aws-deepracer-data-us-east-1-1 with s3 key data-a47e4791-3faf-4152-bc84-ec7d6601782f/models/9859a9cc-366d-43ba-bf9e-9fd4feb4eb6b/sagemaker-robomaker-artifacts/model/.lock.
Uploaded 3 files for checkpoint 60
[s3] Successfully uploaded coach checkpoint to                   s3 bucket aws-deepracer-data-us-east-1-1 with s3 key data-a47e4791-3faf-4152-bc84-ec7d6601782f/models/9859a9cc-366d-43ba-bf9e-9fd4feb4eb6b/sagemaker-robomaker-artifacts/model/.coach_checkpoint.
[s3] Successfully downloaded deepracer checkpoint json from                  s3 key data-a47e4791-3faf-4152-bc84-ec7d6601782f/models/9859a9cc-366d-43ba-bf9e-9fd4feb4eb6b/sagemaker-robomaker-artifacts/model/deepracer_checkpoints.json to local checkpoint_sagemaker/agent/deepracer_checkpoints.json.
[s3] Successfully downloaded deepracer checkpoint json from                  s3 key data-a47e4791-3faf-4152-bc84-ec7d6601782f/models/9859a9cc-366d-43ba-bf9e-9fd4feb4eb6b/sagemaker-robomaker-artifacts/model/deepracer_checkpoints.json to local checkpoint_sagemaker/agent/deepracer_checkpoints.json.
INFO:tensorflow:Froze 11 variables.
INFO:tensorflow:Converted 11 variables to const ops.
saved intermediate frozen graph: data-a47e4791-3faf-4152-bc84-ec7d6601782f/models/9859a9cc-366d-43ba-bf9e-9fd4feb4eb6b/sagemaker-robomaker-artifacts/model/model_60.pb
Best checkpoint number: 56, Last checkpoint number: 58
Copying the frozen checkpoint from ./frozen_models/agent/model_56.pb to /opt/ml/model/agent/model.pb.
[s3] Successfully downloaded deepracer checkpoint json from                  s3 key data-a47e4791-3faf-4152-bc84-ec7d6601782f/models/9859a9cc-366d-43ba-bf9e-9fd4feb4eb6b/sagemaker-robomaker-artifacts/model/deepracer_checkpoints.json to local checkpoint_sagemaker/agent/deepracer_checkpoints.json.
Deleting the frozen models in s3 for the iterations: {'57'}
Training> Name=main_level/agent, Worker=0, Episode=141, Total reward=0, Steps=15774, Training iteration=7
Training> Name=main_level/agent, Worker=0, Episode=142, Total reward=0, Steps=15924, Training iteration=7
Training> Name=main_level/agent, Worker=0, Episode=143, Total reward=0, Steps=15968, Training iteration=7
Training> Name=main_level/agent, Worker=0, Episode=144, Total reward=0, Steps=16128, Training iteration=7
Training> Name=main_level/agent, Worker=0, Episode=145, Total reward=0, Steps=16268, Training iteration=7
Training> Name=main_level/agent, Worker=0, Episode=146, Total reward=0, Steps=16357, Training iteration=7
Training> Name=main_level/agent, Worker=0, Episode=147, Total reward=0, Steps=16445, Training iteration=7
Training> Name=main_level/agent, Worker=0, Episode=148, Total reward=0, Steps=16594, Training iteration=7
Training> Name=main_level/agent, Worker=0, Episode=149, Total reward=0, Steps=16712, Training iteration=7
Training> Name=main_level/agent, Worker=0, Episode=150, Total reward=0, Steps=16843, Training iteration=7
Training> Name=main_level/agent, Worker=0, Episode=151, Total reward=0, Steps=16902, Training iteration=7
Training> Name=main_level/agent, Worker=0, Episode=152, Total reward=0, Steps=17051, Training iteration=7
Training> Name=main_level/agent, Worker=0, Episode=153, Total reward=0, Steps=17141, Training iteration=7
Training> Name=main_level/agent, Worker=0, Episode=154, Total reward=0, Steps=17261, Training iteration=7
Training> Name=main_level/agent, Worker=0, Episode=155, Total reward=0, Steps=17400, Training iteration=7
Training> Name=main_level/agent, Worker=0, Episode=156, Total reward=0, Steps=17444, Training iteration=7
Training> Name=main_level/agent, Worker=0, Episode=157, Total reward=0, Steps=17598, Training iteration=7
Training> Name=main_level/agent, Worker=0, Episode=158, Total reward=0, Steps=17659, Training iteration=7
Training> Name=main_level/agent, Worker=0, Episode=159, Total reward=0, Steps=17766, Training iteration=7
Training> Name=main_level/agent, Worker=0, Episode=160, Total reward=0, Steps=17910, Training iteration=7
Policy training> Surrogate loss=0.007670857012271881, KL divergence=0.014862552285194397, Entropy=2.012657403945923, training epoch=0, learning_rate=0.0001
Policy training> Surrogate loss=-0.08642208576202393, KL divergence=0.03814893588423729, Entropy=1.996429681777954, training epoch=1, learning_rate=0.0001
Policy training> Surrogate loss=-0.10854893177747726, KL divergence=0.039419591426849365, Entropy=2.0146737098693848, training epoch=2, learning_rate=0.0001
Policy training> Surrogate loss=-0.11708981543779373, KL divergence=0.03910597041249275, Entropy=2.040006399154663, training epoch=3, learning_rate=0.0001
Policy training> Surrogate loss=-0.12263301014900208, KL divergence=0.04120073467493057, Entropy=2.0356051921844482, training epoch=4, learning_rate=0.0001
Policy training> Surrogate loss=-0.1274735927581787, KL divergence=0.04225052148103714, Entropy=2.041309356689453, training epoch=5, learning_rate=0.0001
Policy training> Surrogate loss=-0.12664924561977386, KL divergence=0.04224579781293869, Entropy=2.0557456016540527, training epoch=6, learning_rate=0.0001
Policy training> Surrogate loss=-0.1283348649740219, KL divergence=0.045388560742139816, Entropy=2.061354637145996, training epoch=7, learning_rate=0.0001
Policy training> Surrogate loss=-0.1277213990688324, KL divergence=0.04564918577671051, Entropy=2.0617363452911377, training epoch=8, learning_rate=0.0001
Policy training> Surrogate loss=-0.12948422133922577, KL divergence=0.047312796115875244, Entropy=2.0821468830108643, training epoch=9, learning_rate=0.0001
INFO:tensorflow:./checkpoint_sagemaker/agent/61_Step-17910.ckpt is not in all_model_checkpoint_paths. Manually adding it.
Checkpoint> Saving in path=['./checkpoint_sagemaker/agent/61_Step-17910.ckpt']
[s3] Successfully uploaded .lock to                      s3 bucket aws-deepracer-data-us-east-1-1 with s3 key data-a47e4791-3faf-4152-bc84-ec7d6601782f/models/9859a9cc-366d-43ba-bf9e-9fd4feb4eb6b/sagemaker-robomaker-artifacts/model/.lock.
Uploaded 3 files for checkpoint 61
[s3] Successfully uploaded coach checkpoint to                   s3 bucket aws-deepracer-data-us-east-1-1 with s3 key data-a47e4791-3faf-4152-bc84-ec7d6601782f/models/9859a9cc-366d-43ba-bf9e-9fd4feb4eb6b/sagemaker-robomaker-artifacts/model/.coach_checkpoint.
[s3] Successfully downloaded deepracer checkpoint json from                  s3 key data-a47e4791-3faf-4152-bc84-ec7d6601782f/models/9859a9cc-366d-43ba-bf9e-9fd4feb4eb6b/sagemaker-robomaker-artifacts/model/deepracer_checkpoints.json to local checkpoint_sagemaker/agent/deepracer_checkpoints.json.
[s3] Successfully downloaded deepracer checkpoint json from                  s3 key data-a47e4791-3faf-4152-bc84-ec7d6601782f/models/9859a9cc-366d-43ba-bf9e-9fd4feb4eb6b/sagemaker-robomaker-artifacts/model/deepracer_checkpoints.json to local checkpoint_sagemaker/agent/deepracer_checkpoints.json.
INFO:tensorflow:Froze 11 variables.
INFO:tensorflow:Converted 11 variables to const ops.
saved intermediate frozen graph: data-a47e4791-3faf-4152-bc84-ec7d6601782f/models/9859a9cc-366d-43ba-bf9e-9fd4feb4eb6b/sagemaker-robomaker-artifacts/model/model_61.pb
Best checkpoint number: 56, Last checkpoint number: 59
Copying the frozen checkpoint from ./frozen_models/agent/model_56.pb to /opt/ml/model/agent/model.pb.
[s3] Successfully downloaded deepracer checkpoint json from                  s3 key data-a47e4791-3faf-4152-bc84-ec7d6601782f/models/9859a9cc-366d-43ba-bf9e-9fd4feb4eb6b/sagemaker-robomaker-artifacts/model/deepracer_checkpoints.json to local checkpoint_sagemaker/agent/deepracer_checkpoints.json.
Deleting the frozen models in s3 for the iterations: {'58'}
Training> Name=main_level/agent, Worker=0, Episode=161, Total reward=0, Steps=17997, Training iteration=8
Training> Name=main_level/agent, Worker=0, Episode=162, Total reward=0, Steps=18133, Training iteration=8
Training> Name=main_level/agent, Worker=0, Episode=163, Total reward=0, Steps=18241, Training iteration=8
Training> Name=main_level/agent, Worker=0, Episode=164, Total reward=0, Steps=18314, Training iteration=8
Training> Name=main_level/agent, Worker=0, Episode=165, Total reward=0, Steps=18356, Training iteration=8
Training> Name=main_level/agent, Worker=0, Episode=166, Total reward=0, Steps=18492, Training iteration=8
Training> Name=main_level/agent, Worker=0, Episode=167, Total reward=0, Steps=18640, Training iteration=8
Training> Name=main_level/agent, Worker=0, Episode=168, Total reward=0, Steps=18683, Training iteration=8
Training> Name=main_level/agent, Worker=0, Episode=169, Total reward=0, Steps=18747, Training iteration=8
Training> Name=main_level/agent, Worker=0, Episode=170, Total reward=0, Steps=18838, Training iteration=8
Training> Name=main_level/agent, Worker=0, Episode=171, Total reward=0, Steps=18992, Training iteration=8
Training> Name=main_level/agent, Worker=0, Episode=172, Total reward=0, Steps=19111, Training iteration=8
Training> Name=main_level/agent, Worker=0, Episode=173, Total reward=0, Steps=19159, Training iteration=8
Training> Name=main_level/agent, Worker=0, Episode=174, Total reward=0, Steps=19302, Training iteration=8
Training> Name=main_level/agent, Worker=0, Episode=175, Total reward=0, Steps=19338, Training iteration=8
Training> Name=main_level/agent, Worker=0, Episode=176, Total reward=0, Steps=19356, Training iteration=8
Training> Name=main_level/agent, Worker=0, Episode=177, Total reward=0, Steps=19502, Training iteration=8
Training> Name=main_level/agent, Worker=0, Episode=178, Total reward=0, Steps=19561, Training iteration=8
Training> Name=main_level/agent, Worker=0, Episode=179, Total reward=0, Steps=19607, Training iteration=8
Training> Name=main_level/agent, Worker=0, Episode=180, Total reward=0, Steps=19753, Training iteration=8
Policy training> Surrogate loss=4.67819299956318e-05, KL divergence=0.016052499413490295, Entropy=1.9970396757125854, training epoch=0, learning_rate=0.0001
Policy training> Surrogate loss=-0.08509696274995804, KL divergence=0.031024502590298653, Entropy=2.0405173301696777, training epoch=1, learning_rate=0.0001
Policy training> Surrogate loss=-0.10463326424360275, KL divergence=0.032884202897548676, Entropy=2.0193464756011963, training epoch=2, learning_rate=0.0001
Policy training> Surrogate loss=-0.10304626077413559, KL divergence=0.03680891543626785, Entropy=2.004837989807129, training epoch=3, learning_rate=0.0001
Policy training> Surrogate loss=-0.11850505322217941, KL divergence=0.035689208656549454, Entropy=2.045179843902588, training epoch=4, learning_rate=0.0001
Policy training> Surrogate loss=-0.12023822218179703, KL divergence=0.036259837448596954, Entropy=2.0285685062408447, training epoch=5, learning_rate=0.0001
Policy training> Surrogate loss=-0.1206132248044014, KL divergence=0.035838671028614044, Entropy=2.0467491149902344, training epoch=6, learning_rate=0.0001
Policy training> Surrogate loss=-0.1203012689948082, KL divergence=0.03868731111288071, Entropy=2.051011800765991, training epoch=7, learning_rate=0.0001
Policy training> Surrogate loss=-0.1273094266653061, KL divergence=0.03830596059560776, Entropy=2.0466887950897217, training epoch=8, learning_rate=0.0001
Policy training> Surrogate loss=-0.12095783650875092, KL divergence=0.03867638483643532, Entropy=2.0515012741088867, training epoch=9, learning_rate=0.0001
INFO:tensorflow:./checkpoint_sagemaker/agent/62_Step-19753.ckpt is not in all_model_checkpoint_paths. Manually adding it.
Checkpoint> Saving in path=['./checkpoint_sagemaker/agent/62_Step-19753.ckpt']
[s3] Successfully uploaded .lock to                      s3 bucket aws-deepracer-data-us-east-1-1 with s3 key data-a47e4791-3faf-4152-bc84-ec7d6601782f/models/9859a9cc-366d-43ba-bf9e-9fd4feb4eb6b/sagemaker-robomaker-artifacts/model/.lock.
Uploaded 3 files for checkpoint 62
[s3] Successfully uploaded coach checkpoint to                   s3 bucket aws-deepracer-data-us-east-1-1 with s3 key data-a47e4791-3faf-4152-bc84-ec7d6601782f/models/9859a9cc-366d-43ba-bf9e-9fd4feb4eb6b/sagemaker-robomaker-artifacts/model/.coach_checkpoint.
[s3] Successfully downloaded deepracer checkpoint json from                  s3 key data-a47e4791-3faf-4152-bc84-ec7d6601782f/models/9859a9cc-366d-43ba-bf9e-9fd4feb4eb6b/sagemaker-robomaker-artifacts/model/deepracer_checkpoints.json to local checkpoint_sagemaker/agent/deepracer_checkpoints.json.
[s3] Successfully downloaded deepracer checkpoint json from                  s3 key data-a47e4791-3faf-4152-bc84-ec7d6601782f/models/9859a9cc-366d-43ba-bf9e-9fd4feb4eb6b/sagemaker-robomaker-artifacts/model/deepracer_checkpoints.json to local checkpoint_sagemaker/agent/deepracer_checkpoints.json.
INFO:tensorflow:Froze 11 variables.
INFO:tensorflow:Converted 11 variables to const ops.
saved intermediate frozen graph: data-a47e4791-3faf-4152-bc84-ec7d6601782f/models/9859a9cc-366d-43ba-bf9e-9fd4feb4eb6b/sagemaker-robomaker-artifacts/model/model_62.pb
Best checkpoint number: 56, Last checkpoint number: 60
Copying the frozen checkpoint from ./frozen_models/agent/model_56.pb to /opt/ml/model/agent/model.pb.
[s3] Successfully downloaded deepracer checkpoint json from                  s3 key data-a47e4791-3faf-4152-bc84-ec7d6601782f/models/9859a9cc-366d-43ba-bf9e-9fd4feb4eb6b/sagemaker-robomaker-artifacts/model/deepracer_checkpoints.json to local checkpoint_sagemaker/agent/deepracer_checkpoints.json.
Deleting the frozen models in s3 for the iterations: {'59'}
Training> Name=main_level/agent, Worker=0, Episode=181, Total reward=0, Steps=19806, Training iteration=9
Training> Name=main_level/agent, Worker=0, Episode=182, Total reward=0, Steps=19914, Training iteration=9
Training> Name=main_level/agent, Worker=0, Episode=183, Total reward=0, Steps=20022, Training iteration=9
Training> Name=main_level/agent, Worker=0, Episode=184, Total reward=0, Steps=20170, Training iteration=9
Training> Name=main_level/agent, Worker=0, Episode=185, Total reward=0, Steps=20314, Training iteration=9
Training> Name=main_level/agent, Worker=0, Episode=186, Total reward=0, Steps=20454, Training iteration=9
Training> Name=main_level/agent, Worker=0, Episode=187, Total reward=0, Steps=20556, Training iteration=9
Training> Name=main_level/agent, Worker=0, Episode=188, Total reward=0, Steps=20711, Training iteration=9
Training> Name=main_level/agent, Worker=0, Episode=189, Total reward=0, Steps=20777, Training iteration=9
Training> Name=main_level/agent, Worker=0, Episode=190, Total reward=0, Steps=20921, Training iteration=9
Training> Name=main_level/agent, Worker=0, Episode=191, Total reward=0, Steps=21062, Training iteration=9
Training> Name=main_level/agent, Worker=0, Episode=192, Total reward=0, Steps=21103, Training iteration=9
Training> Name=main_level/agent, Worker=0, Episode=193, Total reward=0, Steps=21251, Training iteration=9
Training> Name=main_level/agent, Worker=0, Episode=194, Total reward=0, Steps=21404, Training iteration=9
Training> Name=main_level/agent, Worker=0, Episode=195, Total reward=0, Steps=21426, Training iteration=9
Training> Name=main_level/agent, Worker=0, Episode=196, Total reward=0, Steps=21442, Training iteration=9
Training> Name=main_level/agent, Worker=0, Episode=197, Total reward=0, Steps=21594, Training iteration=9
Training> Name=main_level/agent, Worker=0, Episode=198, Total reward=0, Steps=21738, Training iteration=9
Training> Name=main_level/agent, Worker=0, Episode=199, Total reward=0, Steps=21781, Training iteration=9
Training> Name=main_level/agent, Worker=0, Episode=200, Total reward=0, Steps=21919, Training iteration=9
Policy training> Surrogate loss=0.0015920705627650023, KL divergence=0.01741466484963894, Entropy=1.9872608184814453, training epoch=0, learning_rate=0.0001
Policy training> Surrogate loss=-0.08437459170818329, KL divergence=0.03791387379169464, Entropy=1.995072603225708, training epoch=1, learning_rate=0.0001
Policy training> Surrogate loss=-0.10875057429075241, KL divergence=0.04542110860347748, Entropy=1.9891819953918457, training epoch=2, learning_rate=0.0001
Policy training> Surrogate loss=-0.11778544634580612, KL divergence=0.04740309715270996, Entropy=2.012613534927368, training epoch=3, learning_rate=0.0001
Policy training> Surrogate loss=-0.1148737221956253, KL divergence=0.04937460646033287, Entropy=2.008838176727295, training epoch=4, learning_rate=0.0001
Policy training> Surrogate loss=-0.12135972082614899, KL divergence=0.04913570359349251, Entropy=2.0290117263793945, training epoch=5, learning_rate=0.0001
Policy training> Surrogate loss=-0.12452108412981033, KL divergence=0.04863142967224121, Entropy=2.0429961681365967, training epoch=6, learning_rate=0.0001
Policy training> Surrogate loss=-0.12751564383506775, KL divergence=0.05043690279126167, Entropy=2.0476744174957275, training epoch=7, learning_rate=0.0001
Policy training> Surrogate loss=-0.12454216182231903, KL divergence=0.05005926638841629, Entropy=2.055529832839966, training epoch=8, learning_rate=0.0001
Policy training> Surrogate loss=-0.12509895861148834, KL divergence=0.052596237510442734, Entropy=2.072796583175659, training epoch=9, learning_rate=0.0001
INFO:tensorflow:./checkpoint_sagemaker/agent/63_Step-21919.ckpt is not in all_model_checkpoint_paths. Manually adding it.
Checkpoint> Saving in path=['./checkpoint_sagemaker/agent/63_Step-21919.ckpt']
[s3] Successfully uploaded .lock to                      s3 bucket aws-deepracer-data-us-east-1-1 with s3 key data-a47e4791-3faf-4152-bc84-ec7d6601782f/models/9859a9cc-366d-43ba-bf9e-9fd4feb4eb6b/sagemaker-robomaker-artifacts/model/.lock.
Uploaded 3 files for checkpoint 63
[s3] Successfully uploaded coach checkpoint to                   s3 bucket aws-deepracer-data-us-east-1-1 with s3 key data-a47e4791-3faf-4152-bc84-ec7d6601782f/models/9859a9cc-366d-43ba-bf9e-9fd4feb4eb6b/sagemaker-robomaker-artifacts/model/.coach_checkpoint.
[s3] Successfully downloaded deepracer checkpoint json from                  s3 key data-a47e4791-3faf-4152-bc84-ec7d6601782f/models/9859a9cc-366d-43ba-bf9e-9fd4feb4eb6b/sagemaker-robomaker-artifacts/model/deepracer_checkpoints.json to local checkpoint_sagemaker/agent/deepracer_checkpoints.json.
[s3] Successfully downloaded deepracer checkpoint json from                  s3 key data-a47e4791-3faf-4152-bc84-ec7d6601782f/models/9859a9cc-366d-43ba-bf9e-9fd4feb4eb6b/sagemaker-robomaker-artifacts/model/deepracer_checkpoints.json to local checkpoint_sagemaker/agent/deepracer_checkpoints.json.
INFO:tensorflow:Froze 11 variables.
INFO:tensorflow:Converted 11 variables to const ops.
saved intermediate frozen graph: data-a47e4791-3faf-4152-bc84-ec7d6601782f/models/9859a9cc-366d-43ba-bf9e-9fd4feb4eb6b/sagemaker-robomaker-artifacts/model/model_63.pb
Best checkpoint number: 61, Last checkpoint number: 61
Copying the frozen checkpoint from ./frozen_models/agent/model_61.pb to /opt/ml/model/agent/model.pb.
[s3] Successfully downloaded deepracer checkpoint json from                  s3 key data-a47e4791-3faf-4152-bc84-ec7d6601782f/models/9859a9cc-366d-43ba-bf9e-9fd4feb4eb6b/sagemaker-robomaker-artifacts/model/deepracer_checkpoints.json to local checkpoint_sagemaker/agent/deepracer_checkpoints.json.
Deleting the frozen models in s3 for the iterations: {'60'}
Training> Name=main_level/agent, Worker=0, Episode=201, Total reward=0, Steps=22058, Training iteration=10
Training> Name=main_level/agent, Worker=0, Episode=202, Total reward=0, Steps=22176, Training iteration=10
Training> Name=main_level/agent, Worker=0, Episode=203, Total reward=0, Steps=22304, Training iteration=10
Training> Name=main_level/agent, Worker=0, Episode=204, Total reward=0, Steps=22410, Training iteration=10
Training> Name=main_level/agent, Worker=0, Episode=205, Total reward=0, Steps=22498, Training iteration=10
Training> Name=main_level/agent, Worker=0, Episode=206, Total reward=0, Steps=22585, Training iteration=10
Training> Name=main_level/agent, Worker=0, Episode=207, Total reward=0, Steps=22640, Training iteration=10
Training> Name=main_level/agent, Worker=0, Episode=208, Total reward=0, Steps=22798, Training iteration=10
Training> Name=main_level/agent, Worker=0, Episode=209, Total reward=0, Steps=22863, Training iteration=10
Training> Name=main_level/agent, Worker=0, Episode=210, Total reward=0, Steps=22935, Training iteration=10
Training> Name=main_level/agent, Worker=0, Episode=211, Total reward=0, Steps=22987, Training iteration=10
Training> Name=main_level/agent, Worker=0, Episode=212, Total reward=0, Steps=23126, Training iteration=10
Training> Name=main_level/agent, Worker=0, Episode=213, Total reward=0, Steps=23275, Training iteration=10
Training> Name=main_level/agent, Worker=0, Episode=214, Total reward=0, Steps=23422, Training iteration=10
Training> Name=main_level/agent, Worker=0, Episode=215, Total reward=0, Steps=23444, Training iteration=10
Training> Name=main_level/agent, Worker=0, Episode=216, Total reward=0, Steps=23461, Training iteration=10
Training> Name=main_level/agent, Worker=0, Episode=217, Total reward=0, Steps=23479, Training iteration=10
Training> Name=main_level/agent, Worker=0, Episode=218, Total reward=0, Steps=23545, Training iteration=10
Training> Name=main_level/agent, Worker=0, Episode=219, Total reward=0, Steps=23612, Training iteration=10
Training> Name=main_level/agent, Worker=0, Episode=220, Total reward=0, Steps=23738, Training iteration=10
Policy training> Surrogate loss=0.0006337109953165054, KL divergence=0.017309244722127914, Entropy=2.0577054023742676, training epoch=0, learning_rate=0.0001
Policy training> Surrogate loss=-0.10032030194997787, KL divergence=0.03718487545847893, Entropy=2.0746331214904785, training epoch=1, learning_rate=0.0001
Policy training> Surrogate loss=-0.11116745322942734, KL divergence=0.040245454758405685, Entropy=2.056335687637329, training epoch=2, learning_rate=0.0001
Policy training> Surrogate loss=-0.12633565068244934, KL divergence=0.04223591089248657, Entropy=2.0684781074523926, training epoch=3, learning_rate=0.0001
Policy training> Surrogate loss=-0.13004770874977112, KL divergence=0.042403604835271835, Entropy=2.081653356552124, training epoch=4, learning_rate=0.0001
Policy training> Surrogate loss=-0.13257013261318207, KL divergence=0.04321342334151268, Entropy=2.070891857147217, training epoch=5, learning_rate=0.0001
Policy training> Surrogate loss=-0.13414818048477173, KL divergence=0.04358690232038498, Entropy=2.081413507461548, training epoch=6, learning_rate=0.0001
Policy training> Surrogate loss=-0.13224028050899506, KL divergence=0.04351051524281502, Entropy=2.0923349857330322, training epoch=7, learning_rate=0.0001
Policy training> Surrogate loss=-0.13398508727550507, KL divergence=0.04375343769788742, Entropy=2.1054763793945312, training epoch=8, learning_rate=0.0001
Policy training> Surrogate loss=-0.1312255859375, KL divergence=0.04561042785644531, Entropy=2.093505382537842, training epoch=9, learning_rate=0.0001
INFO:tensorflow:./checkpoint_sagemaker/agent/64_Step-23738.ckpt is not in all_model_checkpoint_paths. Manually adding it.
Checkpoint> Saving in path=['./checkpoint_sagemaker/agent/64_Step-23738.ckpt']
[s3] Successfully uploaded .lock to                      s3 bucket aws-deepracer-data-us-east-1-1 with s3 key data-a47e4791-3faf-4152-bc84-ec7d6601782f/models/9859a9cc-366d-43ba-bf9e-9fd4feb4eb6b/sagemaker-robomaker-artifacts/model/.lock.
Uploaded 3 files for checkpoint 64
[s3] Successfully uploaded coach checkpoint to                   s3 bucket aws-deepracer-data-us-east-1-1 with s3 key data-a47e4791-3faf-4152-bc84-ec7d6601782f/models/9859a9cc-366d-43ba-bf9e-9fd4feb4eb6b/sagemaker-robomaker-artifacts/model/.coach_checkpoint.
[s3] Successfully downloaded deepracer checkpoint json from                  s3 key data-a47e4791-3faf-4152-bc84-ec7d6601782f/models/9859a9cc-366d-43ba-bf9e-9fd4feb4eb6b/sagemaker-robomaker-artifacts/model/deepracer_checkpoints.json to local checkpoint_sagemaker/agent/deepracer_checkpoints.json.
[s3] Successfully downloaded deepracer checkpoint json from                  s3 key data-a47e4791-3faf-4152-bc84-ec7d6601782f/models/9859a9cc-366d-43ba-bf9e-9fd4feb4eb6b/sagemaker-robomaker-artifacts/model/deepracer_checkpoints.json to local checkpoint_sagemaker/agent/deepracer_checkpoints.json.
INFO:tensorflow:Froze 11 variables.
INFO:tensorflow:Converted 11 variables to const ops.
saved intermediate frozen graph: data-a47e4791-3faf-4152-bc84-ec7d6601782f/models/9859a9cc-366d-43ba-bf9e-9fd4feb4eb6b/sagemaker-robomaker-artifacts/model/model_64.pb
Best checkpoint number: 62, Last checkpoint number: 62
Copying the frozen checkpoint from ./frozen_models/agent/model_62.pb to /opt/ml/model/agent/model.pb.
[s3] Successfully downloaded deepracer checkpoint json from                  s3 key data-a47e4791-3faf-4152-bc84-ec7d6601782f/models/9859a9cc-366d-43ba-bf9e-9fd4feb4eb6b/sagemaker-robomaker-artifacts/model/deepracer_checkpoints.json to local checkpoint_sagemaker/agent/deepracer_checkpoints.json.
Deleting the frozen models in s3 for the iterations: {'56'}
Training> Name=main_level/agent, Worker=0, Episode=221, Total reward=0, Steps=23884, Training iteration=11
Training> Name=main_level/agent, Worker=0, Episode=222, Total reward=0, Steps=24025, Training iteration=11
Training> Name=main_level/agent, Worker=0, Episode=223, Total reward=0, Steps=24173, Training iteration=11
Training> Name=main_level/agent, Worker=0, Episode=224, Total reward=0, Steps=24192, Training iteration=11
Training> Name=main_level/agent, Worker=0, Episode=225, Total reward=0, Steps=24309, Training iteration=11
Training> Name=main_level/agent, Worker=0, Episode=226, Total reward=0, Steps=24460, Training iteration=11
Training> Name=main_level/agent, Worker=0, Episode=227, Total reward=0, Steps=24533, Training iteration=11
Training> Name=main_level/agent, Worker=0, Episode=228, Total reward=0, Steps=24651, Training iteration=11
Training> Name=main_level/agent, Worker=0, Episode=229, Total reward=0, Steps=24808, Training iteration=11
Training> Name=main_level/agent, Worker=0, Episode=230, Total reward=0, Steps=24935, Training iteration=11
Training> Name=main_level/agent, Worker=0, Episode=231, Total reward=0, Steps=24997, Training iteration=11
Training> Name=main_level/agent, Worker=0, Episode=232, Total reward=0, Steps=25142, Training iteration=11
Training> Name=main_level/agent, Worker=0, Episode=233, Total reward=0, Steps=25287, Training iteration=11
Training> Name=main_level/agent, Worker=0, Episode=234, Total reward=0, Steps=25361, Training iteration=11
Training> Name=main_level/agent, Worker=0, Episode=235, Total reward=0, Steps=25406, Training iteration=11
Training> Name=main_level/agent, Worker=0, Episode=236, Total reward=0, Steps=25447, Training iteration=11
Training> Name=main_level/agent, Worker=0, Episode=237, Total reward=0, Steps=25598, Training iteration=11
Training> Name=main_level/agent, Worker=0, Episode=238, Total reward=0, Steps=25747, Training iteration=11
Training> Name=main_level/agent, Worker=0, Episode=239, Total reward=0, Steps=25798, Training iteration=11
Training> Name=main_level/agent, Worker=0, Episode=240, Total reward=0, Steps=25914, Training iteration=11
Policy training> Surrogate loss=0.005911714863032103, KL divergence=0.017630774527788162, Entropy=2.0088768005371094, training epoch=0, learning_rate=0.0001
Policy training> Surrogate loss=-0.09433216601610184, KL divergence=0.04567614197731018, Entropy=2.052659749984741, training epoch=1, learning_rate=0.0001
Policy training> Surrogate loss=-0.114524707198143, KL divergence=0.048938702791929245, Entropy=2.0316734313964844, training epoch=2, learning_rate=0.0001
Policy training> Surrogate loss=-0.12258480489253998, KL divergence=0.0472763255238533, Entropy=2.0616455078125, training epoch=3, learning_rate=0.0001
Policy training> Surrogate loss=-0.12701363861560822, KL divergence=0.04843036085367203, Entropy=2.0642004013061523, training epoch=4, learning_rate=0.0001
Policy training> Surrogate loss=-0.12875688076019287, KL divergence=0.050175923854112625, Entropy=2.0679826736450195, training epoch=5, learning_rate=0.0001
Policy training> Surrogate loss=-0.12977059185504913, KL divergence=0.050510093569755554, Entropy=2.091540813446045, training epoch=6, learning_rate=0.0001
Policy training> Surrogate loss=-0.13090983033180237, KL divergence=0.0509689524769783, Entropy=2.0821895599365234, training epoch=7, learning_rate=0.0001
Policy training> Surrogate loss=-0.13163816928863525, KL divergence=0.05103378742933273, Entropy=2.0895607471466064, training epoch=8, learning_rate=0.0001
Policy training> Surrogate loss=-0.13215510547161102, KL divergence=0.052602700889110565, Entropy=2.099681854248047, training epoch=9, learning_rate=0.0001
INFO:tensorflow:./checkpoint_sagemaker/agent/65_Step-25914.ckpt is not in all_model_checkpoint_paths. Manually adding it.
Checkpoint> Saving in path=['./checkpoint_sagemaker/agent/65_Step-25914.ckpt']
[s3] Successfully uploaded .lock to                      s3 bucket aws-deepracer-data-us-east-1-1 with s3 key data-a47e4791-3faf-4152-bc84-ec7d6601782f/models/9859a9cc-366d-43ba-bf9e-9fd4feb4eb6b/sagemaker-robomaker-artifacts/model/.lock.
Uploaded 3 files for checkpoint 65
[s3] Successfully uploaded coach checkpoint to                   s3 bucket aws-deepracer-data-us-east-1-1 with s3 key data-a47e4791-3faf-4152-bc84-ec7d6601782f/models/9859a9cc-366d-43ba-bf9e-9fd4feb4eb6b/sagemaker-robomaker-artifacts/model/.coach_checkpoint.
[s3] Successfully downloaded deepracer checkpoint json from                  s3 key data-a47e4791-3faf-4152-bc84-ec7d6601782f/models/9859a9cc-366d-43ba-bf9e-9fd4feb4eb6b/sagemaker-robomaker-artifacts/model/deepracer_checkpoints.json to local checkpoint_sagemaker/agent/deepracer_checkpoints.json.
[s3] Successfully downloaded deepracer checkpoint json from                  s3 key data-a47e4791-3faf-4152-bc84-ec7d6601782f/models/9859a9cc-366d-43ba-bf9e-9fd4feb4eb6b/sagemaker-robomaker-artifacts/model/deepracer_checkpoints.json to local checkpoint_sagemaker/agent/deepracer_checkpoints.json.
INFO:tensorflow:Froze 11 variables.
INFO:tensorflow:Converted 11 variables to const ops.
saved intermediate frozen graph: data-a47e4791-3faf-4152-bc84-ec7d6601782f/models/9859a9cc-366d-43ba-bf9e-9fd4feb4eb6b/sagemaker-robomaker-artifacts/model/model_65.pb
Best checkpoint number: 62, Last checkpoint number: 63
Copying the frozen checkpoint from ./frozen_models/agent/model_62.pb to /opt/ml/model/agent/model.pb.
[s3] Successfully downloaded deepracer checkpoint json from                  s3 key data-a47e4791-3faf-4152-bc84-ec7d6601782f/models/9859a9cc-366d-43ba-bf9e-9fd4feb4eb6b/sagemaker-robomaker-artifacts/model/deepracer_checkpoints.json to local checkpoint_sagemaker/agent/deepracer_checkpoints.json.
Deleting the frozen models in s3 for the iterations: {'61'}
Training> Name=main_level/agent, Worker=0, Episode=241, Total reward=0, Steps=26054, Training iteration=12
Training> Name=main_level/agent, Worker=0, Episode=242, Total reward=0, Steps=26193, Training iteration=12
Training> Name=main_level/agent, Worker=0, Episode=243, Total reward=0, Steps=26307, Training iteration=12
Training> Name=main_level/agent, Worker=0, Episode=244, Total reward=0, Steps=26461, Training iteration=12
Training> Name=main_level/agent, Worker=0, Episode=245, Total reward=0, Steps=26609, Training iteration=12
Training> Name=main_level/agent, Worker=0, Episode=246, Total reward=0, Steps=26739, Training iteration=12
Training> Name=main_level/agent, Worker=0, Episode=247, Total reward=0, Steps=26827, Training iteration=12
Training> Name=main_level/agent, Worker=0, Episode=248, Total reward=0, Steps=26913, Training iteration=12
Training> Name=main_level/agent, Worker=0, Episode=249, Total reward=0, Steps=27061, Training iteration=12
Training> Name=main_level/agent, Worker=0, Episode=250, Total reward=0, Steps=27136, Training iteration=12
Training> Name=main_level/agent, Worker=0, Episode=251, Total reward=0, Steps=27272, Training iteration=12
Training> Name=main_level/agent, Worker=0, Episode=252, Total reward=0, Steps=27328, Training iteration=12
Training> Name=main_level/agent, Worker=0, Episode=253, Total reward=0, Steps=27471, Training iteration=12
Training> Name=main_level/agent, Worker=0, Episode=254, Total reward=0, Steps=27562, Training iteration=12
Training> Name=main_level/agent, Worker=0, Episode=255, Total reward=0, Steps=27615, Training iteration=12
Training> Name=main_level/agent, Worker=0, Episode=256, Total reward=0, Steps=27631, Training iteration=12
Training> Name=main_level/agent, Worker=0, Episode=257, Total reward=0, Steps=27783, Training iteration=12
Training> Name=main_level/agent, Worker=0, Episode=258, Total reward=0, Steps=27931, Training iteration=12
Training> Name=main_level/agent, Worker=0, Episode=259, Total reward=0, Steps=28092, Training iteration=12
Training> Name=main_level/agent, Worker=0, Episode=260, Total reward=0, Steps=28225, Training iteration=12
Policy training> Surrogate loss=0.006688497960567474, KL divergence=0.016810601577162743, Entropy=2.002284049987793, training epoch=0, learning_rate=0.0001
Policy training> Surrogate loss=-0.08137810975313187, KL divergence=0.04285071790218353, Entropy=2.023796796798706, training epoch=1, learning_rate=0.0001
Policy training> Surrogate loss=-0.10148189216852188, KL divergence=0.04577678069472313, Entropy=2.013601779937744, training epoch=2, learning_rate=0.0001
